<?xml version="1.0" encoding="UTF-8"?>
<!-- Generated by org.testng.reporters.JUnitXMLReporter -->
<testsuite hostname="PF0U9M4X" ignored="0" name="Default test" tests="3" failures="0" timestamp="02 Jul 2018 11:56:27 GMT" time="44.512" errors="0">
  <testcase name="signInTest" time="6.202" classname="com.hellofresh.challenge.WebTest"/>
  <testcase name="logInTest" time="2.935" classname="com.hellofresh.challenge.WebTest"/>
  <testcase name="checkoutTest" time="12.266" classname="com.hellofresh.challenge.WebTest"/>
</testsuite> <!-- Default test -->
