<?xml version="1.0" encoding="UTF-8"?>
<!-- Generated by org.testng.reporters.JUnitXMLReporter -->
<testsuite hostname="PF0U9M4X" ignored="0" name="IETest" tests="3" failures="0" timestamp="03 Jul 2018 08:02:53 GMT" time="43.729" errors="0">
  <testcase name="signInTest" time="5.206" classname="com.hellofresh.challenge.WebTest"/>
  <testcase name="logInTest" time="2.559" classname="com.hellofresh.challenge.WebTest"/>
  <testcase name="checkoutTest" time="11.313" classname="com.hellofresh.challenge.WebTest"/>
</testsuite> <!-- IETest -->
